<?xml version="1.0" encoding="UTF-8"?>
<!-- Generated by org.testng.reporters.JUnitXMLReporter -->
<testsuite ignored="0" hostname="LAPTOP-M7JGO3P2" failures="0" tests="3" name="Default test" time="0.087" errors="0" timestamp="2019-12-27T18:53:18 EET">
  <testcase classname="BoundryTest" name="acceptFriendTest" time="0.047"/>
  <testcase classname="BoundryTest" name="addFriendTest" time="0.001"/>
  <testcase classname="BoundryTest" name="signUPTest" time="0.002"/>
</testsuite> <!-- Default test -->
